0 info it worked if it ends with ok
1 verbose cli [ 'node',
1 verbose cli   '/usr/local/bin/npm',
1 verbose cli   'install',
1 verbose cli   '--global',
1 verbose cli   'yo',
1 verbose cli   'bower',
1 verbose cli   'grunt-cli' ]
2 info using npm@1.4.14
3 info using node@v0.10.29
4 verbose cache add [ 'yo', null ]
5 verbose cache add name=undefined spec="yo" args=["yo",null]
6 verbose parsed url { protocol: null,
6 verbose parsed url   slashes: null,
6 verbose parsed url   auth: null,
6 verbose parsed url   host: null,
6 verbose parsed url   port: null,
6 verbose parsed url   hostname: null,
6 verbose parsed url   hash: null,
6 verbose parsed url   search: null,
6 verbose parsed url   query: null,
6 verbose parsed url   pathname: 'yo',
6 verbose parsed url   path: 'yo',
6 verbose parsed url   href: 'yo' }
7 verbose cache add [ 'bower', null ]
8 verbose cache add name=undefined spec="bower" args=["bower",null]
9 verbose parsed url { protocol: null,
9 verbose parsed url   slashes: null,
9 verbose parsed url   auth: null,
9 verbose parsed url   host: null,
9 verbose parsed url   port: null,
9 verbose parsed url   hostname: null,
9 verbose parsed url   hash: null,
9 verbose parsed url   search: null,
9 verbose parsed url   query: null,
9 verbose parsed url   pathname: 'bower',
9 verbose parsed url   path: 'bower',
9 verbose parsed url   href: 'bower' }
10 verbose cache add [ 'grunt-cli', null ]
11 verbose cache add name=undefined spec="grunt-cli" args=["grunt-cli",null]
12 verbose parsed url { protocol: null,
12 verbose parsed url   slashes: null,
12 verbose parsed url   auth: null,
12 verbose parsed url   host: null,
12 verbose parsed url   port: null,
12 verbose parsed url   hostname: null,
12 verbose parsed url   hash: null,
12 verbose parsed url   search: null,
12 verbose parsed url   query: null,
12 verbose parsed url   pathname: 'grunt-cli',
12 verbose parsed url   path: 'grunt-cli',
12 verbose parsed url   href: 'grunt-cli' }
13 silly lockFile c41975d1-yo yo
14 verbose lock yo /Users/sest/.npm/c41975d1-yo.lock
15 silly lockFile 206e3ce5-bower bower
16 verbose lock bower /Users/sest/.npm/206e3ce5-bower.lock
17 silly lockFile 671ef8ac-grunt-cli grunt-cli
18 verbose lock grunt-cli /Users/sest/.npm/671ef8ac-grunt-cli.lock
19 silly lockFile c41975d1-yo yo
20 silly lockFile c41975d1-yo yo
21 silly lockFile 206e3ce5-bower bower
22 silly lockFile 206e3ce5-bower bower
23 verbose addNamed [ 'yo', '' ]
24 verbose addNamed [ null, '*' ]
25 silly lockFile d937c28e-yo yo@
26 verbose lock yo@ /Users/sest/.npm/d937c28e-yo.lock
27 silly lockFile 671ef8ac-grunt-cli grunt-cli
28 silly lockFile 671ef8ac-grunt-cli grunt-cli
29 verbose addNamed [ 'bower', '' ]
30 verbose addNamed [ null, '*' ]
31 silly lockFile 1240aab1-bower bower@
32 verbose lock bower@ /Users/sest/.npm/1240aab1-bower.lock
33 verbose addNamed [ 'grunt-cli', '' ]
34 verbose addNamed [ null, '*' ]
35 silly lockFile d63f3d0b-grunt-cli grunt-cli@
36 verbose lock grunt-cli@ /Users/sest/.npm/d63f3d0b-grunt-cli.lock
37 silly addNameRange { name: 'yo', range: '*', hasData: false }
38 silly addNameRange { name: 'bower', range: '*', hasData: false }
39 silly addNameRange { name: 'grunt-cli', range: '*', hasData: false }
40 verbose url raw yo
41 verbose url resolving [ 'https://registry.npmjs.org/', './yo' ]
42 verbose url resolved https://registry.npmjs.org/yo
43 info trying registry request attempt 1 at 09:04:50
44 http GET https://registry.npmjs.org/yo
45 verbose url raw grunt-cli
46 verbose url resolving [ 'https://registry.npmjs.org/', './grunt-cli' ]
47 verbose url resolved https://registry.npmjs.org/grunt-cli
48 info trying registry request attempt 1 at 09:04:50
49 http GET https://registry.npmjs.org/grunt-cli
50 verbose url raw bower
51 verbose url resolving [ 'https://registry.npmjs.org/', './bower' ]
52 verbose url resolved https://registry.npmjs.org/bower
53 info trying registry request attempt 1 at 09:04:50
54 verbose etag "EEHF0G4KSYNN0V1U12KP7TXUM"
55 http GET https://registry.npmjs.org/bower
56 http 200 https://registry.npmjs.org/yo
57 silly registry.get cb [ 200,
57 silly registry.get   { date: 'Wed, 22 Oct 2014 07:04:50 GMT',
57 silly registry.get     server: 'CouchDB/1.5.0 (Erlang OTP/R14B04)',
57 silly registry.get     etag: '"210Y98KKR5EUZMBHM5UUL3GGO"',
57 silly registry.get     'content-type': 'application/json',
57 silly registry.get     'cache-control': 'max-age=60',
57 silly registry.get     'content-length': '48895',
57 silly registry.get     'accept-ranges': 'bytes',
57 silly registry.get     via: '1.1 varnish',
57 silly registry.get     age: '9402',
57 silly registry.get     'x-served-by': 'cache-lcy1125-LCY',
57 silly registry.get     'x-cache': 'HIT',
57 silly registry.get     'x-cache-hits': '1',
57 silly registry.get     'x-timer': 'S1413961490.425421,VS0,VE0',
57 silly registry.get     vary: 'Accept',
57 silly registry.get     'keep-alive': 'timeout=10, max=50',
57 silly registry.get     connection: 'Keep-Alive' } ]
58 silly addNameRange number 2 { name: 'yo', range: '*', hasData: true }
59 silly addNameRange versions [ 'yo',
59 silly addNameRange   [ '1.0.0-beta.1',
59 silly addNameRange     '1.0.0-beta.2',
59 silly addNameRange     '1.0.0-beta.3',
59 silly addNameRange     '1.0.0-beta.4',
59 silly addNameRange     '1.0.0-beta.5',
59 silly addNameRange     '1.0.0-beta.6',
59 silly addNameRange     '1.0.0-beta.7',
59 silly addNameRange     '1.0.0-rc.1',
59 silly addNameRange     '1.0.0-rc.1.1',
59 silly addNameRange     '1.0.0-rc.1.2',
59 silly addNameRange     '1.0.0-rc.1.3',
59 silly addNameRange     '1.0.0-rc.1.4',
59 silly addNameRange     '1.0.0',
59 silly addNameRange     '1.0.1',
59 silly addNameRange     '1.0.2',
59 silly addNameRange     '1.0.3',
59 silly addNameRange     '1.0.4',
59 silly addNameRange     '1.0.5',
59 silly addNameRange     '1.0.6',
59 silly addNameRange     '1.0.7-pre.1',
59 silly addNameRange     '1.0.7-pre.2',
59 silly addNameRange     '1.0.7-pre.3',
59 silly addNameRange     '1.1.0',
59 silly addNameRange     '1.1.1',
59 silly addNameRange     '1.1.2',
59 silly addNameRange     '1.2.0',
59 silly addNameRange     '1.2.1',
59 silly addNameRange     '1.3.0',
59 silly addNameRange     '1.3.2',
59 silly addNameRange     '1.3.3' ] ]
60 verbose addNamed [ 'yo', '1.3.3' ]
61 verbose addNamed [ '1.3.3', '1.3.3' ]
62 silly lockFile 68164736-yo-1-3-3 yo@1.3.3
63 verbose lock yo@1.3.3 /Users/sest/.npm/68164736-yo-1-3-3.lock
64 silly lockFile f34d3fe9-gistry-npmjs-org-yo-yo-1-3-3-tgz https://registry.npmjs.org/yo/-/yo-1.3.3.tgz
65 verbose lock https://registry.npmjs.org/yo/-/yo-1.3.3.tgz /Users/sest/.npm/f34d3fe9-gistry-npmjs-org-yo-yo-1-3-3-tgz.lock
66 verbose addRemoteTarball [ 'https://registry.npmjs.org/yo/-/yo-1.3.3.tgz',
66 verbose addRemoteTarball   '732b053d6da401965ef146fe914d014474c37c1b' ]
67 info retry fetch attempt 1 at 09:04:51
68 verbose fetch to= /var/folders/vf/n3nqh4dn41v3fxvzn3ghsv6w0000gn/T/npm-5533-RRYjSvip/registry.npmjs.org/yo/-/yo-1.3.3.tgz
69 http GET https://registry.npmjs.org/yo/-/yo-1.3.3.tgz
70 http 200 https://registry.npmjs.org/grunt-cli
71 silly registry.get cb [ 200,
71 silly registry.get   { date: 'Wed, 22 Oct 2014 07:04:50 GMT',
71 silly registry.get     server: 'CouchDB/1.5.0 (Erlang OTP/R14B04)',
71 silly registry.get     etag: '"42HXSJEDKXE3E77LORJEEZN7I"',
71 silly registry.get     'content-type': 'application/json',
71 silly registry.get     'cache-control': 'max-age=60',
71 silly registry.get     'content-length': '19941',
71 silly registry.get     'accept-ranges': 'bytes',
71 silly registry.get     via: '1.1 varnish',
71 silly registry.get     age: '234',
71 silly registry.get     'x-served-by': 'cache-lcy1127-LCY',
71 silly registry.get     'x-cache': 'HIT',
71 silly registry.get     'x-cache-hits': '1',
71 silly registry.get     'x-timer': 'S1413961490.428338,VS0,VE82',
71 silly registry.get     vary: 'Accept',
71 silly registry.get     'keep-alive': 'timeout=10, max=50',
71 silly registry.get     connection: 'Keep-Alive' } ]
72 silly addNameRange number 2 { name: 'grunt-cli', range: '*', hasData: true }
73 silly addNameRange versions [ 'grunt-cli',
73 silly addNameRange   [ '0.1.0',
73 silly addNameRange     '0.1.1',
73 silly addNameRange     '0.1.2',
73 silly addNameRange     '0.1.3',
73 silly addNameRange     '0.1.4',
73 silly addNameRange     '0.1.5',
73 silly addNameRange     '0.1.6',
73 silly addNameRange     '0.1.7',
73 silly addNameRange     '0.1.8',
73 silly addNameRange     '0.1.9',
73 silly addNameRange     '0.1.10',
73 silly addNameRange     '0.1.11',
73 silly addNameRange     '0.1.12',
73 silly addNameRange     '0.1.13' ] ]
74 verbose addNamed [ 'grunt-cli', '0.1.13' ]
75 verbose addNamed [ '0.1.13', '0.1.13' ]
76 silly lockFile 28997503-grunt-cli-0-1-13 grunt-cli@0.1.13
77 verbose lock grunt-cli@0.1.13 /Users/sest/.npm/28997503-grunt-cli-0-1-13.lock
78 silly lockFile ab76c46e-g-grunt-cli-grunt-cli-0-1-13-tgz https://registry.npmjs.org/grunt-cli/-/grunt-cli-0.1.13.tgz
79 verbose lock https://registry.npmjs.org/grunt-cli/-/grunt-cli-0.1.13.tgz /Users/sest/.npm/ab76c46e-g-grunt-cli-grunt-cli-0-1-13-tgz.lock
80 verbose addRemoteTarball [ 'https://registry.npmjs.org/grunt-cli/-/grunt-cli-0.1.13.tgz',
80 verbose addRemoteTarball   'e9ebc4047631f5012d922770c39378133cad10f4' ]
81 info retry fetch attempt 1 at 09:04:51
82 verbose fetch to= /var/folders/vf/n3nqh4dn41v3fxvzn3ghsv6w0000gn/T/npm-5533-RRYjSvip/registry.npmjs.org/grunt-cli/-/grunt-cli-0.1.13.tgz
83 http GET https://registry.npmjs.org/grunt-cli/-/grunt-cli-0.1.13.tgz
84 http 200 https://registry.npmjs.org/bower
85 silly registry.get cb [ 200,
85 silly registry.get   { date: 'Wed, 22 Oct 2014 07:04:50 GMT',
85 silly registry.get     server: 'CouchDB/1.5.0 (Erlang OTP/R16B03)',
85 silly registry.get     etag: '"5IH3YVKIZ3VMGKRZP2FHQWVQM"',
85 silly registry.get     'content-type': 'application/json',
85 silly registry.get     'cache-control': 'max-age=60',
85 silly registry.get     'content-length': '105338',
85 silly registry.get     'accept-ranges': 'bytes',
85 silly registry.get     via: '1.1 varnish',
85 silly registry.get     age: '7',
85 silly registry.get     'x-served-by': 'cache-lcy1121-LCY',
85 silly registry.get     'x-cache': 'HIT',
85 silly registry.get     'x-cache-hits': '2',
85 silly registry.get     'x-timer': 'S1413961490.414424,VS0,VE0',
85 silly registry.get     vary: 'Accept',
85 silly registry.get     'keep-alive': 'timeout=10, max=50',
85 silly registry.get     connection: 'Keep-Alive' } ]
86 silly addNameRange number 2 { name: 'bower', range: '*', hasData: true }
87 silly addNameRange versions [ 'bower',
87 silly addNameRange   [ '0.1.0',
87 silly addNameRange     '0.1.2',
87 silly addNameRange     '0.1.3',
87 silly addNameRange     '0.2.0',
87 silly addNameRange     '0.3.0',
87 silly addNameRange     '0.3.1',
87 silly addNameRange     '0.3.2',
87 silly addNameRange     '0.4.0',
87 silly addNameRange     '0.5.0',
87 silly addNameRange     '0.5.1',
87 silly addNameRange     '0.6.0',
87 silly addNameRange     '0.6.1',
87 silly addNameRange     '0.6.2',
87 silly addNameRange     '0.6.3',
87 silly addNameRange     '0.6.4',
87 silly addNameRange     '0.6.5',
87 silly addNameRange     '0.6.6',
87 silly addNameRange     '0.6.7',
87 silly addNameRange     '0.6.8',
87 silly addNameRange     '0.7.0',
87 silly addNameRange     '0.7.1',
87 silly addNameRange     '0.8.0',
87 silly addNameRange     '0.8.1',
87 silly addNameRange     '0.8.2',
87 silly addNameRange     '0.8.3',
87 silly addNameRange     '0.8.4',
87 silly addNameRange     '0.8.5',
87 silly addNameRange     '0.8.6',
87 silly addNameRange     '0.9.0',
87 silly addNameRange     '0.9.1',
87 silly addNameRange     '0.9.2',
87 silly addNameRange     '0.10.0',
87 silly addNameRange     '1.0.0',
87 silly addNameRange     '1.0.1',
87 silly addNameRange     '1.0.2',
87 silly addNameRange     '1.0.3',
87 silly addNameRange     '1.1.0',
87 silly addNameRange     '1.1.1',
87 silly addNameRange     '1.1.2',
87 silly addNameRange     '1.2.0',
87 silly addNameRange     '1.2.1',
87 silly addNameRange     '1.2.2',
87 silly addNameRange     '1.2.3',
87 silly addNameRange     '1.2.4',
87 silly addNameRange     '1.2.5',
87 silly addNameRange     '1.2.6',
87 silly addNameRange     '1.2.7',
87 silly addNameRange     '1.2.8',
87 silly addNameRange     '1.3.0',
87 silly addNameRange     '1.3.1',
87 silly addNameRange     '1.3.2',
87 silly addNameRange     '1.3.3',
87 silly addNameRange     '1.3.4',
87 silly addNameRange     '1.3.5',
87 silly addNameRange     '1.3.6',
87 silly addNameRange     '1.3.7',
87 silly addNameRange     '1.3.8',
87 silly addNameRange     '1.3.9',
87 silly addNameRange     '1.3.10',
87 silly addNameRange     '1.3.11',
87 silly addNameRange     '1.3.12' ] ]
88 verbose addNamed [ 'bower', '1.3.12' ]
89 verbose addNamed [ '1.3.12', '1.3.12' ]
90 silly lockFile 9819431c-bower-1-3-12 bower@1.3.12
91 verbose lock bower@1.3.12 /Users/sest/.npm/9819431c-bower-1-3-12.lock
92 silly lockFile b05fd70b-npmjs-org-bower-bower-1-3-12-tgz https://registry.npmjs.org/bower/-/bower-1.3.12.tgz
93 verbose lock https://registry.npmjs.org/bower/-/bower-1.3.12.tgz /Users/sest/.npm/b05fd70b-npmjs-org-bower-bower-1-3-12-tgz.lock
94 verbose addRemoteTarball [ 'https://registry.npmjs.org/bower/-/bower-1.3.12.tgz',
94 verbose addRemoteTarball   '37de0edb3904baf90aee13384a1a379a05ee214c' ]
95 info retry fetch attempt 1 at 09:04:51
96 verbose fetch to= /var/folders/vf/n3nqh4dn41v3fxvzn3ghsv6w0000gn/T/npm-5533-RRYjSvip/registry.npmjs.org/bower/-/bower-1.3.12.tgz
97 http GET https://registry.npmjs.org/bower/-/bower-1.3.12.tgz
98 http 200 https://registry.npmjs.org/yo/-/yo-1.3.3.tgz
99 silly lockFile f34d3fe9-gistry-npmjs-org-yo-yo-1-3-3-tgz https://registry.npmjs.org/yo/-/yo-1.3.3.tgz
100 silly lockFile f34d3fe9-gistry-npmjs-org-yo-yo-1-3-3-tgz https://registry.npmjs.org/yo/-/yo-1.3.3.tgz
101 silly lockFile 68164736-yo-1-3-3 yo@1.3.3
102 silly lockFile 68164736-yo-1-3-3 yo@1.3.3
103 silly lockFile d937c28e-yo yo@
104 silly lockFile d937c28e-yo yo@
105 http 200 https://registry.npmjs.org/grunt-cli/-/grunt-cli-0.1.13.tgz
106 silly lockFile ab76c46e-g-grunt-cli-grunt-cli-0-1-13-tgz https://registry.npmjs.org/grunt-cli/-/grunt-cli-0.1.13.tgz
107 silly lockFile ab76c46e-g-grunt-cli-grunt-cli-0-1-13-tgz https://registry.npmjs.org/grunt-cli/-/grunt-cli-0.1.13.tgz
108 silly lockFile 28997503-grunt-cli-0-1-13 grunt-cli@0.1.13
109 silly lockFile 28997503-grunt-cli-0-1-13 grunt-cli@0.1.13
110 silly lockFile d63f3d0b-grunt-cli grunt-cli@
111 silly lockFile d63f3d0b-grunt-cli grunt-cli@
112 http 200 https://registry.npmjs.org/bower/-/bower-1.3.12.tgz
113 silly lockFile b05fd70b-npmjs-org-bower-bower-1-3-12-tgz https://registry.npmjs.org/bower/-/bower-1.3.12.tgz
114 silly lockFile b05fd70b-npmjs-org-bower-bower-1-3-12-tgz https://registry.npmjs.org/bower/-/bower-1.3.12.tgz
115 silly lockFile 9819431c-bower-1-3-12 bower@1.3.12
116 silly lockFile 9819431c-bower-1-3-12 bower@1.3.12
117 silly lockFile 1240aab1-bower bower@
118 silly lockFile 1240aab1-bower bower@
119 silly resolved [ { name: 'yo',
119 silly resolved     version: '1.3.3',
119 silly resolved     description: 'CLI tool for running Yeoman generators',
119 silly resolved     license: 'BSD',
119 silly resolved     bin: { yo: 'cli.js' },
119 silly resolved     author: { name: 'The Yeoman Team' },
119 silly resolved     repository: { type: 'git', url: 'https://github.com/yeoman/yo' },
119 silly resolved     engines: { node: '>=0.10.0', npm: '>=1.4.3' },
119 silly resolved     scripts:
119 silly resolved      { test: 'grunt',
119 silly resolved        postinstall: 'yodoctor',
119 silly resolved        postupdate: 'yodoctor' },
119 silly resolved     files: [ 'cli.js', 'yoyo.js' ],
119 silly resolved     keywords:
119 silly resolved      [ 'front-end',
119 silly resolved        'development',
119 silly resolved        'dev',
119 silly resolved        'build',
119 silly resolved        'web',
119 silly resolved        'tool',
119 silly resolved        'cli',
119 silly resolved        'scaffold',
119 silly resolved        'stack',
119 silly resolved        'yeoman',
119 silly resolved        'generator',
119 silly resolved        'app' ],
119 silly resolved     dependencies:
119 silly resolved      { async: '^0.9.0',
119 silly resolved        chalk: '^0.5.1',
119 silly resolved        configstore: '^0.3.1',
119 silly resolved        findup: '^0.1.5',
119 silly resolved        fullname: '^1.0.0',
119 silly resolved        insight: '^0.4.3',
119 silly resolved        'is-root': '^1.0.0',
119 silly resolved        lodash: '^2.4.1',
119 silly resolved        multiline: '^1.0.0',
119 silly resolved        nopt: '^3.0.0',
119 silly resolved        opn: '^1.0.0',
119 silly resolved        shelljs: '^0.3.0',
119 silly resolved        'string-length': '^1.0.0',
119 silly resolved        'sudo-block': '^1.0.0',
119 silly resolved        'underscore.string': '^2.3.3',
119 silly resolved        'update-notifier': '^0.2.2',
119 silly resolved        'yeoman-character': '^1.0.0',
119 silly resolved        'yeoman-doctor': '^1.0.0',
119 silly resolved        'yeoman-environment': '^1.0.1',
119 silly resolved        'yeoman-generator': '^0.17.7',
119 silly resolved        yosay: '^1.0.0' },
119 silly resolved     devDependencies:
119 silly resolved      { grunt: '^0.4.5',
119 silly resolved        'grunt-cli': '^0.1.13',
119 silly resolved        'grunt-contrib-jshint': '^0.10.0',
119 silly resolved        'grunt-contrib-watch': '^0.6.1',
119 silly resolved        'grunt-mocha-test': '^0.12.1',
119 silly resolved        mocha: '^1.21.4',
119 silly resolved        mockery: '^1.4.0',
119 silly resolved        sinon: '^1.10.3' },
119 silly resolved     engineStrict: true,
119 silly resolved     preferGlobal: true,
119 silly resolved     gitHead: '813c37641c928431260e908ef1b5723c0f18afab',
119 silly resolved     bugs: { url: 'https://github.com/yeoman/yo/issues' },
119 silly resolved     homepage: 'https://github.com/yeoman/yo',
119 silly resolved     _id: 'yo@1.3.3',
119 silly resolved     _shasum: '732b053d6da401965ef146fe914d014474c37c1b',
119 silly resolved     _from: 'yo@',
119 silly resolved     _npmVersion: '2.1.2',
119 silly resolved     _nodeVersion: '0.10.32',
119 silly resolved     _npmUser: { name: 'sindresorhus', email: 'sindresorhus@gmail.com' },
119 silly resolved     maintainers: [ [Object], [Object], [Object], [Object], [Object], [Object] ],
119 silly resolved     dist:
119 silly resolved      { shasum: '732b053d6da401965ef146fe914d014474c37c1b',
119 silly resolved        tarball: 'http://registry.npmjs.org/yo/-/yo-1.3.3.tgz' },
119 silly resolved     directories: {},
119 silly resolved     _resolved: 'https://registry.npmjs.org/yo/-/yo-1.3.3.tgz' },
119 silly resolved   { name: 'grunt-cli',
119 silly resolved     description: 'The grunt command line interface.',
119 silly resolved     version: '0.1.13',
119 silly resolved     author: { name: 'Grunt Team' },
119 silly resolved     homepage: 'http://gruntjs.com/',
119 silly resolved     repository: { type: 'git', url: 'git://github.com/gruntjs/grunt-cli.git' },
119 silly resolved     bugs: { url: 'http://github.com/gruntjs/grunt-cli/issues' },
119 silly resolved     licenses: [ [Object] ],
119 silly resolved     bin: { grunt: 'bin/grunt' },
119 silly resolved     engines: { node: '>= 0.8.0' },
119 silly resolved     scripts: { test: 'node bin/grunt test' },
119 silly resolved     preferGlobal: true,
119 silly resolved     dependencies: { nopt: '~1.0.10', 'findup-sync': '~0.1.0', resolve: '~0.3.1' },
119 silly resolved     devDependencies: { grunt: '~0.4.0', 'grunt-contrib-jshint': '~0.2.0' },
119 silly resolved     contributors: [ [Object], [Object], [Object], [Object] ],
119 silly resolved     _id: 'grunt-cli@0.1.13',
119 silly resolved     dist:
119 silly resolved      { shasum: 'e9ebc4047631f5012d922770c39378133cad10f4',
119 silly resolved        tarball: 'http://registry.npmjs.org/grunt-cli/-/grunt-cli-0.1.13.tgz' },
119 silly resolved     _from: 'grunt-cli@',
119 silly resolved     _npmVersion: '1.3.24',
119 silly resolved     _npmUser: { name: 'tkellen', email: 'tyler@sleekcode.net' },
119 silly resolved     maintainers: [ [Object] ],
119 silly resolved     directories: {},
119 silly resolved     _shasum: 'e9ebc4047631f5012d922770c39378133cad10f4',
119 silly resolved     _resolved: 'https://registry.npmjs.org/grunt-cli/-/grunt-cli-0.1.13.tgz' },
119 silly resolved   { name: 'bower',
119 silly resolved     version: '1.3.12',
119 silly resolved     description: 'The browser package manager',
119 silly resolved     author: { name: 'Twitter' },
119 silly resolved     licenses: [ [Object] ],
119 silly resolved     repository: { type: 'git', url: 'https://github.com/bower/bower' },
119 silly resolved     main: 'lib',
119 silly resolved     homepage: 'http://bower.io',
119 silly resolved     engines: { node: '>=0.10.0' },
119 silly resolved     dependencies:
119 silly resolved      { abbrev: '~1.0.4',
119 silly resolved        archy: '0.0.2',
119 silly resolved        'bower-config': '~0.5.2',
119 silly resolved        'bower-endpoint-parser': '~0.2.2',
119 silly resolved        'bower-json': '~0.4.0',
119 silly resolved        'bower-logger': '~0.2.2',
119 silly resolved        'bower-registry-client': '~0.2.0',
119 silly resolved        cardinal: '0.4.0',
119 silly resolved        chalk: '0.5.0',
119 silly resolved        chmodr: '0.1.0',
119 silly resolved        'decompress-zip': '0.0.8',
119 silly resolved        fstream: '~1.0.2',
119 silly resolved        'fstream-ignore': '~1.0.1',
119 silly resolved        glob: '~4.0.2',
119 silly resolved        'graceful-fs': '~3.0.1',
119 silly resolved        handlebars: '~2.0.0',
119 silly resolved        inquirer: '0.7.1',
119 silly resolved        insight: '0.4.3',
119 silly resolved        'is-root': '~1.0.0',
119 silly resolved        junk: '~1.0.0',
119 silly resolved        lockfile: '~1.0.0',
119 silly resolved        'lru-cache': '~2.5.0',
119 silly resolved        mkdirp: '0.5.0',
119 silly resolved        mout: '~0.9.0',
119 silly resolved        nopt: '~3.0.0',
119 silly resolved        opn: '~1.0.0',
119 silly resolved        osenv: '0.1.0',
119 silly resolved        'p-throttler': '0.1.0',
119 silly resolved        promptly: '0.2.0',
119 silly resolved        q: '~1.0.1',
119 silly resolved        request: '~2.42.0',
119 silly resolved        'request-progress': '0.3.0',
119 silly resolved        retry: '0.6.0',
119 silly resolved        rimraf: '~2.2.0',
119 silly resolved        semver: '~2.3.0',
119 silly resolved        'shell-quote': '~1.4.1',
119 silly resolved        'stringify-object': '~1.0.0',
119 silly resolved        'tar-fs': '0.5.2',
119 silly resolved        tmp: '0.0.23',
119 silly resolved        'update-notifier': '0.2.0',
119 silly resolved        which: '~1.0.5' },
119 silly resolved     devDependencies:
119 silly resolved      { coveralls: '~2.11.0',
119 silly resolved        'expect.js': '~0.3.1',
119 silly resolved        grunt: '~0.4.4',
119 silly resolved        'grunt-cli': '^0.1.13',
119 silly resolved        'grunt-contrib-jshint': '~0.10.0',
119 silly resolved        'grunt-contrib-watch': '~0.6.1',
119 silly resolved        'grunt-exec': '~0.4.2',
119 silly resolved        'grunt-simple-mocha': '~0.4.0',
119 silly resolved        istanbul: '~0.3.2',
119 silly resolved        'load-grunt-tasks': '~0.6.0',
119 silly resolved        mocha: '~1.21.4',
119 silly resolved        nock: '~0.46.0',
119 silly resolved        'node-uuid': '~1.4.1',
119 silly resolved        proxyquire: '~1.0.1' },
119 silly resolved     scripts: { test: 'grunt test' },
119 silly resolved     bin: { bower: 'bin/bower' },
119 silly resolved     preferGlobal: true,
119 silly resolved     gitHead: 'b26c072f0db054a1902ec4d2e3726dbf8a1c799a',
119 silly resolved     bugs: { url: 'https://github.com/bower/bower/issues' },
119 silly resolved     _id: 'bower@1.3.12',
119 silly resolved     _shasum: '37de0edb3904baf90aee13384a1a379a05ee214c',
119 silly resolved     _from: 'bower@',
119 silly resolved     _npmVersion: '2.0.0',
119 silly resolved     _npmUser: { name: 'sheerun', email: 'sheerun@sher.pl' },
119 silly resolved     maintainers: [ [Object], [Object], [Object], [Object], [Object], [Object] ],
119 silly resolved     dist:
119 silly resolved      { shasum: '37de0edb3904baf90aee13384a1a379a05ee214c',
119 silly resolved        tarball: 'http://registry.npmjs.org/bower/-/bower-1.3.12.tgz' },
119 silly resolved     directories: {},
119 silly resolved     _resolved: 'https://registry.npmjs.org/bower/-/bower-1.3.12.tgz' } ]
120 info install yo@1.3.3 into /usr/local/lib
121 info install grunt-cli@0.1.13 into /usr/local/lib
122 info install bower@1.3.12 into /usr/local/lib
123 info installOne yo@1.3.3
124 info installOne grunt-cli@0.1.13
125 info installOne bower@1.3.12
126 info /usr/local/lib/node_modules/grunt-cli unbuild
127 info /usr/local/lib/node_modules/yo unbuild
128 verbose tar unpack /Users/sest/.npm/grunt-cli/0.1.13/package.tgz
129 silly lockFile 466968dc-local-lib-node-modules-grunt-cli tar:///usr/local/lib/node_modules/grunt-cli
130 verbose lock tar:///usr/local/lib/node_modules/grunt-cli /Users/sest/.npm/466968dc-local-lib-node-modules-grunt-cli.lock
131 silly lockFile 1673b9c6-npm-grunt-cli-0-1-13-package-tgz tar:///Users/sest/.npm/grunt-cli/0.1.13/package.tgz
132 verbose lock tar:///Users/sest/.npm/grunt-cli/0.1.13/package.tgz /Users/sest/.npm/1673b9c6-npm-grunt-cli-0-1-13-package-tgz.lock
133 verbose tar unpack /Users/sest/.npm/yo/1.3.3/package.tgz
134 silly lockFile 7d7c7bef-ar-usr-local-lib-node-modules-yo tar:///usr/local/lib/node_modules/yo
135 verbose lock tar:///usr/local/lib/node_modules/yo /Users/sest/.npm/7d7c7bef-ar-usr-local-lib-node-modules-yo.lock
136 silly lockFile 7493bdc3-rs-sest-npm-yo-1-3-3-package-tgz tar:///Users/sest/.npm/yo/1.3.3/package.tgz
137 verbose lock tar:///Users/sest/.npm/yo/1.3.3/package.tgz /Users/sest/.npm/7493bdc3-rs-sest-npm-yo-1-3-3-package-tgz.lock
138 info /usr/local/lib/node_modules/bower unbuild
139 silly gunzTarPerm modes [ '755', '644' ]
140 silly gunzTarPerm modes [ '755', '644' ]
141 info preuninstall bower@1.3.8
142 error Error: EACCES, mkdir '/usr/local/lib/node_modules/grunt-cli'
142 error  { [Error: EACCES, mkdir '/usr/local/lib/node_modules/grunt-cli']
142 error   errno: 3,
142 error   code: 'EACCES',
142 error   path: '/usr/local/lib/node_modules/grunt-cli',
142 error   fstream_type: 'Directory',
142 error   fstream_path: '/usr/local/lib/node_modules/grunt-cli',
142 error   fstream_class: 'DirWriter',
142 error   fstream_stack:
142 error    [ '/usr/local/lib/node_modules/npm/node_modules/fstream/lib/dir-writer.js:36:23',
142 error      '/usr/local/lib/node_modules/npm/node_modules/mkdirp/index.js:37:53',
142 error      'Object.oncomplete (fs.js:107:15)' ] }
143 error Please try running this command again as root/Administrator.
144 error System Darwin 13.4.0
145 error command "node" "/usr/local/bin/npm" "install" "--global" "yo" "bower" "grunt-cli"
146 error cwd /Users/sest/DEVELOPMENT/homearchive/homearchive
147 error node -v v0.10.29
148 error npm -v 1.4.14
149 error path /usr/local/lib/node_modules/grunt-cli
150 error fstream_path /usr/local/lib/node_modules/grunt-cli
151 error fstream_type Directory
152 error fstream_class DirWriter
153 error code EACCES
154 error errno 3
155 error stack Error: EACCES, mkdir '/usr/local/lib/node_modules/grunt-cli'
156 error fstream_stack /usr/local/lib/node_modules/npm/node_modules/fstream/lib/dir-writer.js:36:23
156 error fstream_stack /usr/local/lib/node_modules/npm/node_modules/mkdirp/index.js:37:53
156 error fstream_stack Object.oncomplete (fs.js:107:15)
157 verbose exit [ 3, true ]
